<?xml version="1.0" encoding="UTF-8"?>
<!-- Generated by org.testng.reporters.JUnitReportReporter -->
<testsuite hostname="klaras-MBP" failures="0" tests="2" name="NewTest" time="8.361" errors="0" timestamp="2020-02-28T10:29:57 IST" skipped="0">
  <testcase classname="NewTest" name="f" time="8.360"/>
  <system-out/>
  <testcase classname="NewTest" name="test1" time="0.001"/>
  <system-out/>
</testsuite> <!-- NewTest -->
