<?xml version="1.0" encoding="UTF-8"?>
<!-- Generated by org.testng.reporters.JUnitReportReporter -->
<testsuite hostname="klaras-MBP" failures="0" tests="2" name="NewTest" time="14.039" errors="0" timestamp="2020-02-28T10:59:22 IST" skipped="0">
  <testcase classname="NewTest" name="f" time="14.039"/>
  <system-out/>
  <testcase classname="NewTest" name="test1" time="0.000"/>
  <system-out/>
</testsuite> <!-- NewTest -->
